2022/06/04 10:47:29 [Redis操作]Redis存储失败-VideoWriteList操作中
2022/06/04 10:47:30 [Redis操作]Redis存储失败-VideoWriteList操作中
2022/06/04 10:47:55 [Redis操作]Redis存储失败-VideoWriteList操作中
2022/06/04 10:48:06 [Redis操作]Redis存储失败-VideoWriteList操作中
2022/06/04 10:49:04 [Redis操作]Redis存储失败-VideoWriteList操作中
2022/06/04 11:24:27 [Redis操作]Redis存储失败-VideoWriteList操作中
2022/06/04 11:24:44 [Redis操作]Redis存储失败-VideoWriteList操作中
2022/06/04 11:27:58 [Redis操作]Redis存储失败-VideoWriteList操作中
2022/06/04 11:28:20 [Redis操作]Redis存储失败-VideoWriteList操作中
2022/06/04 11:30:25 [Redis操作]Redis存储失败-VideoWriteList操作中
2022/06/04 11:32:45 [Redis操作]Redis存储失败-VideoWriteList操作中
2022/06/04 11:35:08 [Redis操作]Redis存储失败-VideoWriteList操作中
2022/06/05 13:32:47 [Redis操作] 获取视频总数时出现异常：redigo: nil returned
2022/06/06 16:24:21 [Redis操作] 获取视频总数时出现异常：redigo: nil returned
2022/06/07 15:29:33 [Redis操作] 获取视频类型总数时出现异常：redigo: nil returned
2022/06/07 15:29:52 [Redis操作] 获取视频类型总数时出现异常：redigo: nil returned
2022/06/07 15:29:59 [Redis操作] 获取视频类型总数时出现异常：redigo: nil returned
2022/06/10 15:02:40 [数据库错误SQL Error] 在用户增加视频查看次数时产生：Error 1366: Incorrect integer value: 'watch+1' for column 'watch' at row 1
2022/06/16 12:30:17 [致命错误 Error Wait]执行Windows命令-Wait步骤中：ffmpeg -i F:/Desktop/GoTest/1571.mp4中异常：exit status 1
2022/06/16 12:31:00 [致命错误 Error Wait]执行Windows命令-Wait步骤中：ffmpeg -i F:/Desktop/GoTest/1571.mp4中异常：exit status 1
2022/06/16 12:32:16 [致命错误 Error Wait]执行Windows命令-Wait步骤中：ffmpeg -i F:/Desktop/GoTest/1571.mp4中异常：exit status 1
2022/06/16 12:37:32 [致命错误 Error Wait]执行Windows命令-Wait步骤中：ffmpeg -i F:/Desktop/GoTest/1571.mp4中异常：exit status 1
2022/06/16 12:39:03 [致命错误 Error Wait]执行Windows命令-Wait步骤中：ffmpeg -i F:/Desktop/GoTest/1571.mp4中异常：exit status 1
2022/06/16 12:40:04 [致命错误 Error Wait]执行Windows命令-Wait步骤中：ffmpeg -i F:/Desktop/GoTest/1571.mp4中异常：exit status 1
2022/06/16 12:42:01 [致命错误 Error Wait]执行Windows命令-Wait步骤中：ffmpeg -i F:/Desktop/GoTest/1571.mp4中异常：exit status 1
2022/06/16 12:42:56 [致命错误 Error Run]执行Windows命令-Run步骤中：ffmpeg -i F:/Desktop/GoTest/1571.mp4中异常：exit status 1
2022/06/16 12:52:31 [致命错误 Error Wait]执行Windows命令-Wait步骤中：ffmpeg -i F:/Desktop/GoTest/1571.mp4中异常：exit status 1
2022/06/16 13:03:12 [致命错误 ErrorRun]执行Windows命令-Run步骤中：ffmpeg -i F:/Desktop/GoTest/1571.mp4中异常：exit status 1
2022/06/16 13:05:58 [致命错误 ErrorRun]执行Windows命令-Run步骤中：ffmpeg -i F:/Desktop/GoTest/1571.mp4中异常：exit status 1
2022/06/16 13:07:32 [致命错误 ErrorRun]执行Windows命令-Run步骤中：ffmpeg -i F:/Desktop/GoTest/1571.mp4中异常：exit status 1
2022/06/16 13:10:23 [致命错误 ErrorRun]执行Windows命令-Run步骤中：ffmpeg -i F:/Desktop/GoTest/1571.mp4中异常：exit status 1
2022/06/16 13:27:08 [致命错误 ErrorRun]执行Windows命令-Run步骤中：ffmpeg -i 中异常：exit status 1
2022/06/16 13:27:44 [致命错误 ErrorRun]执行Windows命令-Run步骤中：ffmpeg -info 中异常：exit status 1
